<?xml version="1.0" encoding="UTF-8"?>
<testsuite xmlns:xsi="http://www.w3.org/2001/XMLSchema-instance" xsi:noNamespaceSchemaLocation="https://maven.apache.org/surefire/maven-surefire-plugin/xsd/surefire-test-report-3.0.xsd" version="3.0" name="com.qa.nal.DiagnosticTests" time="226.236" tests="35" errors="0" skipped="0" failures="0">
  <properties>
    <property name="java.specification.version" value="24"/>
    <property name="sun.cpu.isalist" value="amd64"/>
    <property name="sun.jnu.encoding" value="Cp1252"/>
    <property name="QASE_CREATE_MISSING_CASES" value="true"/>
    <property name="java.class.path" value="C:\IntelligentDiagnosticsProject\diagnostics\target\test-classes;C:\IntelligentDiagnosticsProject\diagnostics\target\classes;C:\Users\abhay\.m2\repository\org\junit\jupiter\junit-jupiter\5.11.2\junit-jupiter-5.11.2.jar;C:\Users\abhay\.m2\repository\org\junit\jupiter\junit-jupiter-api\5.11.2\junit-jupiter-api-5.11.2.jar;C:\Users\abhay\.m2\repository\org\junit\platform\junit-platform-commons\1.11.2\junit-platform-commons-1.11.2.jar;C:\Users\abhay\.m2\repository\org\apiguardian\apiguardian-api\1.1.2\apiguardian-api-1.1.2.jar;C:\Users\abhay\.m2\repository\org\junit\jupiter\junit-jupiter-params\5.11.2\junit-jupiter-params-5.11.2.jar;C:\Users\abhay\.m2\repository\org\junit\jupiter\junit-jupiter-engine\5.11.2\junit-jupiter-engine-5.11.2.jar;C:\Users\abhay\.m2\repository\org\junit\platform\junit-platform-engine\1.11.2\junit-platform-engine-1.11.2.jar;C:\Users\abhay\.m2\repository\io\qase\qase-junit5-reporter\4.0.0\qase-junit5-reporter-4.0.0.jar;C:\Users\abhay\.m2\repository\io\qase\qase-java-commons\4.0.0\qase-java-commons-4.0.0.jar;C:\Users\abhay\.m2\repository\io\qase\qase-api-client\4.0.0\qase-api-client-4.0.0.jar;C:\Users\abhay\.m2\repository\com\squareup\okhttp3\okhttp\4.12.0\okhttp-4.12.0.jar;C:\Users\abhay\.m2\repository\com\squareup\okio\okio\3.6.0\okio-3.6.0.jar;C:\Users\abhay\.m2\repository\com\squareup\okio\okio-jvm\3.6.0\okio-jvm-3.6.0.jar;C:\Users\abhay\.m2\repository\org\apache\commons\commons-lang3\3.13.0\commons-lang3-3.13.0.jar;C:\Users\abhay\.m2\repository\org\apache\httpcomponents\httpmime\4.3.1\httpmime-4.3.1.jar;C:\Users\abhay\.m2\repository\org\apache\httpcomponents\httpclient\4.3.1\httpclient-4.3.1.jar;C:\Users\abhay\.m2\repository\org\apache\httpcomponents\httpcore\4.3\httpcore-4.3.jar;C:\Users\abhay\.m2\repository\commons-logging\commons-logging\1.1.3\commons-logging-1.1.3.jar;C:\Users\abhay\.m2\repository\org\aspectj\aspectjrt\1.8.9\aspectjrt-1.8.9.jar;C:\Users\abhay\.m2\repository\org\json\json\20231013\json-20231013.jar;C:\Users\abhay\.m2\repository\org\junit\platform\junit-platform-launcher\1.6.2\junit-platform-launcher-1.6.2.jar;C:\Users\abhay\.m2\repository\org\projectlombok\lombok\1.18.34\lombok-1.18.34.jar;C:\Users\abhay\.m2\repository\ch\qos\logback\logback-core\1.2.13\logback-core-1.2.13.jar;C:\Users\abhay\.m2\repository\ch\qos\logback\logback-classic\1.2.13\logback-classic-1.2.13.jar;C:\Users\abhay\.m2\repository\org\slf4j\slf4j-api\1.7.32\slf4j-api-1.7.32.jar;C:\Users\abhay\.m2\repository\io\qase\qase-junit5\3.2.1\qase-junit5-3.2.1.jar;C:\Users\abhay\.m2\repository\io\qase\qase-api\3.2.1\qase-api-3.2.1.jar;C:\Users\abhay\.m2\repository\org\openapitools\jackson-databind-nullable\0.2.4\jackson-databind-nullable-0.2.4.jar;C:\Users\abhay\.m2\repository\com\fasterxml\jackson\core\jackson-databind\2.14.0-rc2\jackson-databind-2.14.0-rc2.jar;C:\Users\abhay\.m2\repository\com\fasterxml\jackson\core\jackson-annotations\2.14.0-rc2\jackson-annotations-2.14.0-rc2.jar;C:\Users\abhay\.m2\repository\com\fasterxml\jackson\core\jackson-core\2.14.0-rc2\jackson-core-2.14.0-rc2.jar;C:\Users\abhay\.m2\repository\com\google\code\findbugs\jsr305\3.0.2\jsr305-3.0.2.jar;C:\Users\abhay\.m2\repository\javax\annotation\javax.annotation-api\1.3.2\javax.annotation-api-1.3.2.jar;C:\Users\abhay\.m2\repository\io\swagger\swagger-annotations\1.6.8\swagger-annotations-1.6.8.jar;C:\Users\abhay\.m2\repository\io\gsonfire\gson-fire\1.8.5\gson-fire-1.8.5.jar;C:\Users\abhay\.m2\repository\com\squareup\okhttp3\logging-interceptor\4.10.0\logging-interceptor-4.10.0.jar;C:\Users\abhay\.m2\repository\org\jetbrains\kotlin\kotlin-stdlib-jdk8\1.6.10\kotlin-stdlib-jdk8-1.6.10.jar;C:\Users\abhay\.m2\repository\org\jetbrains\kotlin\kotlin-stdlib\1.6.10\kotlin-stdlib-1.6.10.jar;C:\Users\abhay\.m2\repository\org\jetbrains\annotations\13.0\annotations-13.0.jar;C:\Users\abhay\.m2\repository\org\jetbrains\kotlin\kotlin-stdlib-common\1.6.10\kotlin-stdlib-common-1.6.10.jar;C:\Users\abhay\.m2\repository\org\jetbrains\kotlin\kotlin-stdlib-jdk7\1.6.10\kotlin-stdlib-jdk7-1.6.10.jar;C:\Users\abhay\.m2\repository\org\aeonbits\owner\owner-java8\1.0.12\owner-java8-1.0.12.jar;C:\Users\abhay\.m2\repository\org\aeonbits\owner\owner\1.0.12\owner-1.0.12.jar;C:\Users\abhay\.m2\repository\com\konghq\unirest-java\3.4.00\unirest-java-3.4.00.jar;C:\Users\abhay\.m2\repository\org\apache\httpcomponents\httpcore-nio\4.4.11\httpcore-nio-4.4.11.jar;C:\Users\abhay\.m2\repository\org\apache\httpcomponents\httpasyncclient\4.1.4\httpasyncclient-4.1.4.jar;C:\Users\abhay\.m2\repository\com\google\inject\guice\5.1.0\guice-5.1.0.jar;C:\Users\abhay\.m2\repository\javax\inject\javax.inject\1\javax.inject-1.jar;C:\Users\abhay\.m2\repository\aopalliance\aopalliance\1.0\aopalliance-1.0.jar;C:\Users\abhay\.m2\repository\com\google\guava\guava\30.1-jre\guava-30.1-jre.jar;C:\Users\abhay\.m2\repository\com\google\guava\failureaccess\1.0.1\failureaccess-1.0.1.jar;C:\Users\abhay\.m2\repository\com\google\guava\listenablefuture\9999.0-empty-to-avoid-conflict-with-guava\listenablefuture-9999.0-empty-to-avoid-conflict-with-guava.jar;C:\Users\abhay\.m2\repository\org\checkerframework\checker-qual\3.5.0\checker-qual-3.5.0.jar;C:\Users\abhay\.m2\repository\com\google\j2objc\j2objc-annotations\1.3\j2objc-annotations-1.3.jar;C:\Users\abhay\.m2\repository\javax\ws\rs\jsr311-api\1.1.1\jsr311-api-1.1.1.jar;C:\Users\abhay\.m2\repository\javax\ws\rs\javax.ws.rs-api\2.1.1\javax.ws.rs-api-2.1.1.jar;C:\Users\abhay\.m2\repository\com\microsoft\playwright\playwright\1.52.0\playwright-1.52.0.jar;C:\Users\abhay\.m2\repository\com\google\code\gson\gson\2.12.1\gson-2.12.1.jar;C:\Users\abhay\.m2\repository\com\google\errorprone\error_prone_annotations\2.36.0\error_prone_annotations-2.36.0.jar;C:\Users\abhay\.m2\repository\org\opentest4j\opentest4j\1.3.0\opentest4j-1.3.0.jar;C:\Users\abhay\.m2\repository\com\microsoft\playwright\driver\1.52.0\driver-1.52.0.jar;C:\Users\abhay\.m2\repository\com\microsoft\playwright\driver-bundle\1.52.0\driver-bundle-1.52.0.jar;C:\Users\abhay\.m2\repository\io\github\cdimascio\dotenv-java\3.0.0\dotenv-java-3.0.0.jar;C:\Users\abhay\.m2\repository\org\slf4j\slf4j-simple\2.0.12\slf4j-simple-2.0.12.jar;C:\Users\abhay\.m2\repository\org\apache\poi\poi\5.2.5\poi-5.2.5.jar;C:\Users\abhay\.m2\repository\commons-codec\commons-codec\1.16.0\commons-codec-1.16.0.jar;C:\Users\abhay\.m2\repository\org\apache\commons\commons-collections4\4.4\commons-collections4-4.4.jar;C:\Users\abhay\.m2\repository\org\apache\commons\commons-math3\3.6.1\commons-math3-3.6.1.jar;C:\Users\abhay\.m2\repository\commons-io\commons-io\2.15.0\commons-io-2.15.0.jar;C:\Users\abhay\.m2\repository\com\zaxxer\SparseBitSet\1.3\SparseBitSet-1.3.jar;C:\Users\abhay\.m2\repository\org\apache\logging\log4j\log4j-api\2.21.1\log4j-api-2.21.1.jar;C:\Users\abhay\.m2\repository\org\apache\poi\poi-ooxml\5.2.5\poi-ooxml-5.2.5.jar;C:\Users\abhay\.m2\repository\org\apache\poi\poi-ooxml-lite\5.2.5\poi-ooxml-lite-5.2.5.jar;C:\Users\abhay\.m2\repository\org\apache\xmlbeans\xmlbeans\5.2.0\xmlbeans-5.2.0.jar;C:\Users\abhay\.m2\repository\org\apache\commons\commons-compress\1.25.0\commons-compress-1.25.0.jar;C:\Users\abhay\.m2\repository\com\github\virtuald\curvesapi\1.08\curvesapi-1.08.jar;"/>
    <property name="java.vm.vendor" value="Oracle Corporation"/>
    <property name="sun.arch.data.model" value="64"/>
    <property name="user.variant" value=""/>
    <property name="java.vendor.url" value="https://java.oracle.com/"/>
    <property name="user.timezone" value="Asia/Calcutta"/>
    <property name="os.name" value="Windows 11"/>
    <property name="java.vm.specification.version" value="24"/>
    <property name="sun.java.launcher" value="SUN_STANDARD"/>
    <property name="user.country" value="IN"/>
    <property name="sun.boot.library.path" value="C:\Program Files\Java\jdk-24\bin"/>
    <property name="QASE_ENVIRONMENT" value="dev-demo"/>
    <property name="sun.java.command" value="C:\Users\abhay\AppData\Local\Temp\surefire11671907451318256950\surefirebooter2403748803074510693.jar C:\Users\abhay\AppData\Local\Temp\surefire11671907451318256950 2025-06-19T11-40-25_127-jvmRun1 surefire1524596381863590865tmp surefire_017716686599494407434tmp"/>
    <property name="jdk.debug" value="release"/>
    <property name="surefire.test.class.path" value="C:\IntelligentDiagnosticsProject\diagnostics\target\test-classes;C:\IntelligentDiagnosticsProject\diagnostics\target\classes;C:\Users\abhay\.m2\repository\org\junit\jupiter\junit-jupiter\5.11.2\junit-jupiter-5.11.2.jar;C:\Users\abhay\.m2\repository\org\junit\jupiter\junit-jupiter-api\5.11.2\junit-jupiter-api-5.11.2.jar;C:\Users\abhay\.m2\repository\org\junit\platform\junit-platform-commons\1.11.2\junit-platform-commons-1.11.2.jar;C:\Users\abhay\.m2\repository\org\apiguardian\apiguardian-api\1.1.2\apiguardian-api-1.1.2.jar;C:\Users\abhay\.m2\repository\org\junit\jupiter\junit-jupiter-params\5.11.2\junit-jupiter-params-5.11.2.jar;C:\Users\abhay\.m2\repository\org\junit\jupiter\junit-jupiter-engine\5.11.2\junit-jupiter-engine-5.11.2.jar;C:\Users\abhay\.m2\repository\org\junit\platform\junit-platform-engine\1.11.2\junit-platform-engine-1.11.2.jar;C:\Users\abhay\.m2\repository\io\qase\qase-junit5-reporter\4.0.0\qase-junit5-reporter-4.0.0.jar;C:\Users\abhay\.m2\repository\io\qase\qase-java-commons\4.0.0\qase-java-commons-4.0.0.jar;C:\Users\abhay\.m2\repository\io\qase\qase-api-client\4.0.0\qase-api-client-4.0.0.jar;C:\Users\abhay\.m2\repository\com\squareup\okhttp3\okhttp\4.12.0\okhttp-4.12.0.jar;C:\Users\abhay\.m2\repository\com\squareup\okio\okio\3.6.0\okio-3.6.0.jar;C:\Users\abhay\.m2\repository\com\squareup\okio\okio-jvm\3.6.0\okio-jvm-3.6.0.jar;C:\Users\abhay\.m2\repository\org\apache\commons\commons-lang3\3.13.0\commons-lang3-3.13.0.jar;C:\Users\abhay\.m2\repository\org\apache\httpcomponents\httpmime\4.3.1\httpmime-4.3.1.jar;C:\Users\abhay\.m2\repository\org\apache\httpcomponents\httpclient\4.3.1\httpclient-4.3.1.jar;C:\Users\abhay\.m2\repository\org\apache\httpcomponents\httpcore\4.3\httpcore-4.3.jar;C:\Users\abhay\.m2\repository\commons-logging\commons-logging\1.1.3\commons-logging-1.1.3.jar;C:\Users\abhay\.m2\repository\org\aspectj\aspectjrt\1.8.9\aspectjrt-1.8.9.jar;C:\Users\abhay\.m2\repository\org\json\json\20231013\json-20231013.jar;C:\Users\abhay\.m2\repository\org\junit\platform\junit-platform-launcher\1.6.2\junit-platform-launcher-1.6.2.jar;C:\Users\abhay\.m2\repository\org\projectlombok\lombok\1.18.34\lombok-1.18.34.jar;C:\Users\abhay\.m2\repository\ch\qos\logback\logback-core\1.2.13\logback-core-1.2.13.jar;C:\Users\abhay\.m2\repository\ch\qos\logback\logback-classic\1.2.13\logback-classic-1.2.13.jar;C:\Users\abhay\.m2\repository\org\slf4j\slf4j-api\1.7.32\slf4j-api-1.7.32.jar;C:\Users\abhay\.m2\repository\io\qase\qase-junit5\3.2.1\qase-junit5-3.2.1.jar;C:\Users\abhay\.m2\repository\io\qase\qase-api\3.2.1\qase-api-3.2.1.jar;C:\Users\abhay\.m2\repository\org\openapitools\jackson-databind-nullable\0.2.4\jackson-databind-nullable-0.2.4.jar;C:\Users\abhay\.m2\repository\com\fasterxml\jackson\core\jackson-databind\2.14.0-rc2\jackson-databind-2.14.0-rc2.jar;C:\Users\abhay\.m2\repository\com\fasterxml\jackson\core\jackson-annotations\2.14.0-rc2\jackson-annotations-2.14.0-rc2.jar;C:\Users\abhay\.m2\repository\com\fasterxml\jackson\core\jackson-core\2.14.0-rc2\jackson-core-2.14.0-rc2.jar;C:\Users\abhay\.m2\repository\com\google\code\findbugs\jsr305\3.0.2\jsr305-3.0.2.jar;C:\Users\abhay\.m2\repository\javax\annotation\javax.annotation-api\1.3.2\javax.annotation-api-1.3.2.jar;C:\Users\abhay\.m2\repository\io\swagger\swagger-annotations\1.6.8\swagger-annotations-1.6.8.jar;C:\Users\abhay\.m2\repository\io\gsonfire\gson-fire\1.8.5\gson-fire-1.8.5.jar;C:\Users\abhay\.m2\repository\com\squareup\okhttp3\logging-interceptor\4.10.0\logging-interceptor-4.10.0.jar;C:\Users\abhay\.m2\repository\org\jetbrains\kotlin\kotlin-stdlib-jdk8\1.6.10\kotlin-stdlib-jdk8-1.6.10.jar;C:\Users\abhay\.m2\repository\org\jetbrains\kotlin\kotlin-stdlib\1.6.10\kotlin-stdlib-1.6.10.jar;C:\Users\abhay\.m2\repository\org\jetbrains\annotations\13.0\annotations-13.0.jar;C:\Users\abhay\.m2\repository\org\jetbrains\kotlin\kotlin-stdlib-common\1.6.10\kotlin-stdlib-common-1.6.10.jar;C:\Users\abhay\.m2\repository\org\jetbrains\kotlin\kotlin-stdlib-jdk7\1.6.10\kotlin-stdlib-jdk7-1.6.10.jar;C:\Users\abhay\.m2\repository\org\aeonbits\owner\owner-java8\1.0.12\owner-java8-1.0.12.jar;C:\Users\abhay\.m2\repository\org\aeonbits\owner\owner\1.0.12\owner-1.0.12.jar;C:\Users\abhay\.m2\repository\com\konghq\unirest-java\3.4.00\unirest-java-3.4.00.jar;C:\Users\abhay\.m2\repository\org\apache\httpcomponents\httpcore-nio\4.4.11\httpcore-nio-4.4.11.jar;C:\Users\abhay\.m2\repository\org\apache\httpcomponents\httpasyncclient\4.1.4\httpasyncclient-4.1.4.jar;C:\Users\abhay\.m2\repository\com\google\inject\guice\5.1.0\guice-5.1.0.jar;C:\Users\abhay\.m2\repository\javax\inject\javax.inject\1\javax.inject-1.jar;C:\Users\abhay\.m2\repository\aopalliance\aopalliance\1.0\aopalliance-1.0.jar;C:\Users\abhay\.m2\repository\com\google\guava\guava\30.1-jre\guava-30.1-jre.jar;C:\Users\abhay\.m2\repository\com\google\guava\failureaccess\1.0.1\failureaccess-1.0.1.jar;C:\Users\abhay\.m2\repository\com\google\guava\listenablefuture\9999.0-empty-to-avoid-conflict-with-guava\listenablefuture-9999.0-empty-to-avoid-conflict-with-guava.jar;C:\Users\abhay\.m2\repository\org\checkerframework\checker-qual\3.5.0\checker-qual-3.5.0.jar;C:\Users\abhay\.m2\repository\com\google\j2objc\j2objc-annotations\1.3\j2objc-annotations-1.3.jar;C:\Users\abhay\.m2\repository\javax\ws\rs\jsr311-api\1.1.1\jsr311-api-1.1.1.jar;C:\Users\abhay\.m2\repository\javax\ws\rs\javax.ws.rs-api\2.1.1\javax.ws.rs-api-2.1.1.jar;C:\Users\abhay\.m2\repository\com\microsoft\playwright\playwright\1.52.0\playwright-1.52.0.jar;C:\Users\abhay\.m2\repository\com\google\code\gson\gson\2.12.1\gson-2.12.1.jar;C:\Users\abhay\.m2\repository\com\google\errorprone\error_prone_annotations\2.36.0\error_prone_annotations-2.36.0.jar;C:\Users\abhay\.m2\repository\org\opentest4j\opentest4j\1.3.0\opentest4j-1.3.0.jar;C:\Users\abhay\.m2\repository\com\microsoft\playwright\driver\1.52.0\driver-1.52.0.jar;C:\Users\abhay\.m2\repository\com\microsoft\playwright\driver-bundle\1.52.0\driver-bundle-1.52.0.jar;C:\Users\abhay\.m2\repository\io\github\cdimascio\dotenv-java\3.0.0\dotenv-java-3.0.0.jar;C:\Users\abhay\.m2\repository\org\slf4j\slf4j-simple\2.0.12\slf4j-simple-2.0.12.jar;C:\Users\abhay\.m2\repository\org\apache\poi\poi\5.2.5\poi-5.2.5.jar;C:\Users\abhay\.m2\repository\commons-codec\commons-codec\1.16.0\commons-codec-1.16.0.jar;C:\Users\abhay\.m2\repository\org\apache\commons\commons-collections4\4.4\commons-collections4-4.4.jar;C:\Users\abhay\.m2\repository\org\apache\commons\commons-math3\3.6.1\commons-math3-3.6.1.jar;C:\Users\abhay\.m2\repository\commons-io\commons-io\2.15.0\commons-io-2.15.0.jar;C:\Users\abhay\.m2\repository\com\zaxxer\SparseBitSet\1.3\SparseBitSet-1.3.jar;C:\Users\abhay\.m2\repository\org\apache\logging\log4j\log4j-api\2.21.1\log4j-api-2.21.1.jar;C:\Users\abhay\.m2\repository\org\apache\poi\poi-ooxml\5.2.5\poi-ooxml-5.2.5.jar;C:\Users\abhay\.m2\repository\org\apache\poi\poi-ooxml-lite\5.2.5\poi-ooxml-lite-5.2.5.jar;C:\Users\abhay\.m2\repository\org\apache\xmlbeans\xmlbeans\5.2.0\xmlbeans-5.2.0.jar;C:\Users\abhay\.m2\repository\org\apache\commons\commons-compress\1.25.0\commons-compress-1.25.0.jar;C:\Users\abhay\.m2\repository\com\github\virtuald\curvesapi\1.08\curvesapi-1.08.jar;"/>
    <property name="sun.cpu.endian" value="little"/>
    <property name="user.home" value="C:\Users\abhay"/>
    <property name="user.language" value="en"/>
    <property name="java.specification.vendor" value="Oracle Corporation"/>
    <property name="java.version.date" value="2025-03-18"/>
    <property name="java.home" value="C:\Program Files\Java\jdk-24"/>
    <property name="file.separator" value="\"/>
    <property name="basedir" value="C:\IntelligentDiagnosticsProject\diagnostics"/>
    <property name="java.vm.compressedOopsMode" value="32-bit"/>
    <property name="QASE_DEBUG" value="true"/>
    <property name="line.separator" value="&#10;"/>
    <property name="java.vm.specification.vendor" value="Oracle Corporation"/>
    <property name="java.specification.name" value="Java Platform API Specification"/>
    <property name="QASE_CLIENT_REPORTER_NAME" value="JUnit 5"/>
    <property name="QASE_TESTOPS_API_TOKEN" value="73768f37203aedffd6550ff1b4a047b48385b28e0fd842acfcd4d226b371805a"/>
    <property name="surefire.real.class.path" value="C:\Users\abhay\AppData\Local\Temp\surefire11671907451318256950\surefirebooter2403748803074510693.jar"/>
    <property name="user.script" value=""/>
    <property name="sun.management.compiler" value="HotSpot 64-Bit Tiered Compilers"/>
    <property name="QASE_TESTOPS_PROJECT" value="DIAGNOSTIC"/>
    <property name="java.runtime.version" value="24+36-3646"/>
    <property name="user.name" value="abhay"/>
    <property name="stdout.encoding" value="Cp1252"/>
    <property name="path.separator" value=";"/>
    <property name="os.version" value="10.0"/>
    <property name="java.runtime.name" value="Java(TM) SE Runtime Environment"/>
    <property name="file.encoding" value="UTF-8"/>
    <property name="java.vm.name" value="Java HotSpot(TM) 64-Bit Server VM"/>
    <property name="localRepository" value="C:\Users\abhay\.m2\repository"/>
    <property name="java.vendor.url.bug" value="https://bugreport.java.com/bugreport/"/>
    <property name="java.io.tmpdir" value="C:\Users\abhay\AppData\Local\Temp\"/>
    <property name="java.version" value="24"/>
    <property name="user.dir" value="C:\IntelligentDiagnosticsProject\diagnostics"/>
    <property name="os.arch" value="amd64"/>
    <property name="java.vm.specification.name" value="Java Virtual Machine Specification"/>
    <property name="sun.os.patch.level" value=""/>
    <property name="native.encoding" value="Cp1252"/>
    <property name="java.library.path" value="C:\Program Files\Java\jdk-24\bin;C:\WINDOWS\Sun\Java\bin;C:\WINDOWS\system32;C:\WINDOWS;C:\Program Files\Common Files\Oracle\Java\javapath;C:\Program Files (x86)\Common Files\Oracle\Java\java8path;C:\Program Files (x86)\Common Files\Oracle\Java\javapath;C:\Python312\Scripts\;C:\Python312\;C:\Program Files\Eclipse Adoptium\jre-17.0.13.11-hotspot\bin;C:\Program Files\Eclipse Adoptium\jdk-17.0.13.11-hotspot\bin;C:\Program Files\Common Files\Oracle\Java\bin;C:\WINDOWS\system32;C:\WINDOWS;C:\WINDOWS\System32\Wbem;C:\WINDOWS\System32\WindowsPowerShell\v1.0\;C:\WINDOWS\System32\OpenSSH\;C:\ProgramData\chocolatey\bin;C:\Program Files\nodejs\;C:\Program Files\Java\jdk-24\bin;C:\Program Files\Maven\apache-maven-3.9.9\bin;C:\Program Files\Maven\apache-maven-3.9.9\bin;C:\Program Files\Java\jdk-24\bin;C:\Users\abhay\AppData\Local\Microsoft\WindowsApps;C:\Program Files\JetBrains\IntelliJ IDEA Community Edition 2023.2.4\bin;;C:\Program Files\sf\bin;C:\Program Files\Eclipse Adoptium\jdk-17.0.13.11-hotspot\bin;C:\Users\abhay\AppData\Roaming\npm;C:\Users\abhay\AppData\Local\Programs\Microsoft VS Code\bin;c:\Users\abhay\AppData\Roaming\Code\User\globalStorage\github.copilot-chat\debugCommand;."/>
    <property name="java.vm.info" value="mixed mode, sharing"/>
    <property name="stderr.encoding" value="Cp1252"/>
    <property name="java.vendor" value="Oracle Corporation"/>
    <property name="java.vm.version" value="24+36-3646"/>
    <property name="QASE_MODE" value="testops"/>
    <property name="sun.io.unicode.encoding" value="UnicodeLittle"/>
    <property name="java.class.version" value="68.0"/>
  </properties>
  <testcase name="navigateToLoginPage" classname="com.qa.nal.DiagnosticTests" time="6.997">
    <system-out><![CDATA[11:40:26.993 [main] INFO  i.q.commons.reporters.CoreReporter - Starting test run
11:40:28.813 [main] INFO  i.q.c.reporters.TestopsReporter - Test run 42 started
11:40:40.062 [main] INFO  io.qase.api.QaseClient - Qase project code - INTSEARCH
11:40:40.062 [main] INFO  io.qase.api.QaseClient - Required parameters 'QASE_RUN_ID' or 'QASE_RUN_NAME' aren't specified
11:40:47.040 [main] INFO  com.qa.nal.DiagnosticTests - Navigating to login page: https://dev-demo.neuron7.ai
11:40:47.055 [main] INFO  i.q.commons.reporters.CoreReporter - Adding result: {"id":"240e1ecf-562a-4c44-b5ca-36336e260824","title":"Navigate to Login Page","signature":"com:qa:nal::diagnostictests.java::diagnostictests::navigatetologinpage::1","testopsId":1,"execution":{"startTime":1750313440080,"status":"PASSED","endTime":1750313447055,"duration":6975},"fields":{},"attachments":[],"steps":[],"params":{},"paramGroups":[],"relations":{"suite":{"data":[{"title":"com.qa.nal.DiagnosticTests","publicId":0}]}},"muted":false,"ignore":false}
]]></system-out>
  </testcase>
  <testcase name="performLogin" classname="com.qa.nal.DiagnosticTests" time="1.66">
    <system-out><![CDATA[11:40:47.375 [main] INFO  com.qa.nal.DiagnosticTests - Username field clicked
11:40:47.454 [main] INFO  com.qa.nal.DiagnosticTests - Username field filled
11:40:47.561 [main] INFO  com.qa.nal.DiagnosticTests - Password field clicked
11:40:47.641 [main] INFO  com.qa.nal.DiagnosticTests - Password field filled
11:40:47.750 [main] INFO  com.qa.nal.DiagnosticTests - Login button clicked
11:40:48.699 [main] INFO  com.qa.nal.DiagnosticTests - Login successful, navigated to home page
11:40:48.699 [main] INFO  i.q.commons.reporters.CoreReporter - Adding result: {"id":"016bb503-0e7b-4b75-9cce-9fdad18a0baa","title":"Perform Login","signature":"com:qa:nal::diagnostictests.java::diagnostictests::performlogin::2","testopsId":2,"execution":{"startTime":1750313447066,"status":"PASSED","endTime":1750313448699,"duration":1633},"fields":{},"attachments":[],"steps":[],"params":{},"paramGroups":[],"relations":{"suite":{"data":[{"title":"com.qa.nal.DiagnosticTests","publicId":0}]}},"muted":false,"ignore":false}
]]></system-out>
  </testcase>
  <testcase name="handleInitialPopup" classname="com.qa.nal.DiagnosticTests" time="2.419">
    <system-out><![CDATA[11:40:48.729 [main] INFO  com.qa.nal.DiagnosticTests - Modal Pop-Up found
11:40:51.144 [main] INFO  com.qa.nal.DiagnosticTests - Cancel button clicked
11:40:51.144 [main] INFO  i.q.commons.reporters.CoreReporter - Adding result: {"id":"58aea8b7-12c7-440d-92cf-6c4d7e712d5d","title":"Handle Initial Pop-Up","signature":"com:qa:nal::diagnostictests.java::diagnostictests::handleinitialpopup::3","testopsId":3,"execution":{"startTime":1750313448728,"status":"PASSED","endTime":1750313451144,"duration":2416},"fields":{},"attachments":[],"steps":[],"params":{},"paramGroups":[],"relations":{"suite":{"data":[{"title":"com.qa.nal.DiagnosticTests","publicId":0}]}},"muted":false,"ignore":false}
]]></system-out>
  </testcase>
  <testcase name="navigateToIntelligentDiagnostics" classname="com.qa.nal.DiagnosticTests" time="2.23">
    <system-out><![CDATA[11:40:51.248 [main] INFO  com.qa.nal.DiagnosticTests - Sidebar hovered
11:40:53.371 [main] INFO  com.qa.nal.DiagnosticTests - Intelligent Diagnostics clicked
11:40:53.373 [main] INFO  i.q.commons.reporters.CoreReporter - Adding result: {"id":"800664d6-24ce-42b7-b0d8-1b27b6a22f8d","title":"Navigate to Intelligent Diagnostics","signature":"com:qa:nal::diagnostictests.java::diagnostictests::navigatetointelligentdiagnostics::4","testopsId":4,"execution":{"startTime":1750313451148,"status":"PASSED","endTime":1750313453373,"duration":2225},"fields":{},"attachments":[],"steps":[],"params":{},"paramGroups":[],"relations":{"suite":{"data":[{"title":"com.qa.nal.DiagnosticTests","publicId":0}]}},"muted":false,"ignore":false}
]]></system-out>
  </testcase>
  <testcase name="navigateToServiceRequest" classname="com.qa.nal.DiagnosticTests" time="0.565">
    <system-out><![CDATA[11:40:53.496 [main] INFO  com.qa.nal.DiagnosticTests - Service Request clicked
11:40:53.924 [main] INFO  com.qa.nal.DiagnosticTests - Service Request page loaded successfully
11:40:53.924 [main] INFO  i.q.commons.reporters.CoreReporter - Adding result: {"id":"bd0cb967-e4c5-41e5-a2dc-bd0cd252f964","title":"Navigate to Service Request","signature":"com:qa:nal::diagnostictests.java::diagnostictests::navigatetoservicerequest::5","testopsId":5,"execution":{"startTime":1750313453385,"status":"PASSED","endTime":1750313453924,"duration":539},"fields":{},"attachments":[],"steps":[],"params":{},"paramGroups":[],"relations":{"suite":{"data":[{"title":"com.qa.nal.DiagnosticTests","publicId":0}]}},"muted":false,"ignore":false}
]]></system-out>
  </testcase>
  <testcase name="createNewServiceRequest" classname="com.qa.nal.DiagnosticTests" time="7.643">
    <system-out><![CDATA[11:40:54.135 [main] INFO  com.qa.nal.DiagnosticTests - Create New button clicked
11:40:54.157 [main] INFO  com.qa.nal.DiagnosticTests - Create New modal opened
11:40:55.726 [main] INFO  com.qa.nal.DiagnosticTests - Picklist clicked
11:40:57.823 [main] INFO  com.qa.nal.DiagnosticTests - ALINITY_I option clicked
11:40:58.242 [main] INFO  com.qa.nal.DiagnosticTests - Start Diagnosis button clicked
11:41:01.536 [main] INFO  com.qa.nal.DiagnosticTests - Navigated to predictions page
11:41:01.538 [main] INFO  com.qa.nal.DiagnosticTests - Predictions page loaded successfully
11:41:01.586 [main] INFO  i.q.commons.reporters.CoreReporter - Adding result: {"id":"90a04d24-e8c4-4054-9366-9548d727aa45","title":"Create Service Request","signature":"com:qa:nal::diagnostictests.java::diagnostictests::createnewservicerequest::6","testopsId":6,"execution":{"startTime":1750313453947,"status":"PASSED","endTime":1750313461586,"duration":7639},"fields":{},"attachments":[],"steps":[],"params":{},"paramGroups":[],"relations":{"suite":{"data":[{"title":"com.qa.nal.DiagnosticTests","publicId":0}]}},"muted":false,"ignore":false}
]]></system-out>
  </testcase>
  <testcase name="exObsExInf" classname="com.qa.nal.DiagnosticTests" time="12.262">
    <system-out><![CDATA[11:41:04.620 [main] INFO  com.qa.nal.DiagnosticTests - Observation card found
11:41:09.629 [main] INFO  com.qa.nal.DiagnosticTests - Problem List size: 10
11:41:09.634 [main] INFO  com.qa.nal.DiagnosticTests - Observation card found: 5235 Board response value out of range during POST.  Module ({0}) Board ({1}) Value ({2}) Data ({3}).  1/9
11:41:09.635 [main] INFO  com.qa.nal.DiagnosticTests - Observation card found
11:41:13.644 [main] INFO  com.qa.nal.DiagnosticTests - Inference found
11:41:13.646 [main] INFO  com.qa.nal.DiagnosticTests - Solutions size: 10
11:41:13.646 [main] INFO  com.qa.nal.DiagnosticTests - Solutions found: 10
11:41:13.646 [main] INFO  com.qa.nal.DiagnosticTests - Existing Inference found
11:41:13.746 [main] INFO  com.qa.nal.DiagnosticTests - Checkbox clicked
11:41:13.840 [main] INFO  com.qa.nal.DiagnosticTests - Save and Continue button clicked
11:41:13.848 [main] INFO  i.q.commons.reporters.CoreReporter - Adding result: {"id":"a019468b-6877-4817-be90-fb0b73f2b6b9","title":"Existing Observation and Existing Inference","signature":"com:qa:nal::diagnostictests.java::diagnostictests::exobsexinf::7","testopsId":7,"execution":{"startTime":1750313461589,"status":"PASSED","endTime":1750313473847,"duration":12258},"fields":{},"attachments":[],"steps":[],"params":{},"paramGroups":[],"relations":{"suite":{"data":[{"title":"com.qa.nal.DiagnosticTests","publicId":0}]}},"muted":false,"ignore":false}
]]></system-out>
  </testcase>
  <testcase name="deleteInvestigation" classname="com.qa.nal.DiagnosticTests" time="5.776">
    <system-out><![CDATA[11:41:18.925 [main] INFO  com.qa.nal.DiagnosticTests - Delete button clicked
11:41:19.374 [main] INFO  com.qa.nal.DiagnosticTests - Yes button clicked
11:41:19.396 [main] INFO  com.qa.nal.DiagnosticTests - Investigation deleted successfully
11:41:19.626 [main] INFO  com.qa.nal.DiagnosticTests - Expand button clicked
11:41:19.627 [main] INFO  i.q.commons.reporters.CoreReporter - Adding result: {"id":"39f9fcc6-061d-472e-80b3-ec3c663fe574","title":"Delete Investigation","signature":"com:qa:nal::diagnostictests.java::diagnostictests::deleteinvestigation::8","testopsId":8,"execution":{"startTime":1750313473854,"status":"PASSED","endTime":1750313479627,"duration":5773},"fields":{},"attachments":[],"steps":[],"params":{},"paramGroups":[],"relations":{"suite":{"data":[{"title":"com.qa.nal.DiagnosticTests","publicId":0}]}},"muted":false,"ignore":false}
]]></system-out>
  </testcase>
  <testcase name="newObsNewInf" classname="com.qa.nal.DiagnosticTests" time="31.683">
    <system-out><![CDATA[11:41:22.660 [main] INFO  com.qa.nal.DiagnosticTests - Observation card found
11:41:27.681 [main] INFO  com.qa.nal.DiagnosticTests - Problem List size: 10
11:41:27.688 [main] INFO  com.qa.nal.DiagnosticTests - Observation card found: 5235 Board response value out of range during POST.  Module ({0}) Board ({1}) Value ({2}) Data ({3}).  1/9
11:41:27.688 [main] INFO  com.qa.nal.DiagnosticTests - Observation card found
11:41:27.798 [main] INFO  com.qa.nal.DiagnosticTests - Something Else button clicked
11:41:27.984 [main] INFO  com.qa.nal.DiagnosticTests - New Observation field filled
11:41:28.984 [main] INFO  com.qa.nal.DiagnosticTests - Create New button clicked
11:41:43.002 [main] ERROR com.qa.nal.DiagnosticTests - No Inference found: Error {
  message='Timeout 10000ms exceeded.
  name='TimeoutError
  stack='TimeoutError: Timeout 10000ms exceeded.
    at ProgressController.run (C:\Users\abhay\AppData\Local\Temp\playwright-java-12935252376856762903\package\lib\server\progress.js:76:26)
    at Frame.waitForSelector (C:\Users\abhay\AppData\Local\Temp\playwright-java-12935252376856762903\package\lib\server\frames.js:647:23)
    at FrameDispatcher.waitForSelector (C:\Users\abhay\AppData\Local\Temp\playwright-java-12935252376856762903\package\lib\server\dispatchers\frameDispatcher.js:82:116)
    at FrameDispatcher._handleCommand (C:\Users\abhay\AppData\Local\Temp\playwright-java-12935252376856762903\package\lib\server\dispatchers\dispatcher.js:94:40)
    at DispatcherConnection.dispatch (C:\Users\abhay\AppData\Local\Temp\playwright-java-12935252376856762903\package\lib\server\dispatchers\dispatcher.js:307:39)
}
Call log:
-   - waiting for locator(".resolution") to be visible

11:41:43.002 [main] INFO  com.qa.nal.DiagnosticTests - No solution found!
11:41:43.002 [main] INFO  com.qa.nal.DiagnosticTests - Existing Inference not found
11:41:43.002 [main] INFO  com.qa.nal.DiagnosticTests - No solution found!
11:41:43.093 [main] INFO  com.qa.nal.DiagnosticTests - Input field clicked
11:41:43.156 [main] INFO  com.qa.nal.DiagnosticTests - Solution field filled
11:41:44.068 [main] INFO  com.qa.nal.DiagnosticTests - Solution created
11:41:46.124 [main] INFO  com.qa.nal.DiagnosticTests - Save and Continue button clicked
11:41:50.655 [main] INFO  com.qa.nal.DiagnosticTests - Delete button clicked
11:41:51.108 [main] INFO  com.qa.nal.DiagnosticTests - Yes button clicked
11:41:51.123 [main] INFO  com.qa.nal.DiagnosticTests - Investigation deleted successfully
11:41:51.310 [main] INFO  com.qa.nal.DiagnosticTests - Expand button clicked
11:41:51.310 [main] INFO  i.q.commons.reporters.CoreReporter - Adding result: {"id":"d9c7093a-4564-42cf-a4c4-128df0764fb8","title":"New Observation and New Inference","signature":"com:qa:nal::diagnostictests.java::diagnostictests::newobsnewinf::9","testopsId":9,"execution":{"startTime":1750313479629,"status":"PASSED","endTime":1750313511310,"duration":31681},"fields":{},"attachments":[],"steps":[],"params":{},"paramGroups":[],"relations":{"suite":{"data":[{"title":"com.qa.nal.DiagnosticTests","publicId":0}]}},"muted":false,"ignore":false}
]]></system-out>
  </testcase>
  <testcase name="exObsNewInfExInf" classname="com.qa.nal.DiagnosticTests" time="17.364">
    <system-out><![CDATA[11:41:54.343 [main] INFO  com.qa.nal.DiagnosticTests - Observation card found
11:41:59.347 [main] INFO  com.qa.nal.DiagnosticTests - Problem List size: 10
11:41:59.350 [main] INFO  com.qa.nal.DiagnosticTests - Observation card found: 5235 Board response value out of range during POST.  Module ({0}) Board ({1}) Value ({2}) Data ({3}).  1/9
11:41:59.350 [main] INFO  com.qa.nal.DiagnosticTests - Observation card found
11:42:03.372 [main] INFO  com.qa.nal.DiagnosticTests - Inference found
11:42:03.374 [main] INFO  com.qa.nal.DiagnosticTests - Solutions size: 10
11:42:03.374 [main] INFO  com.qa.nal.DiagnosticTests - Solutions found: 10
11:42:03.374 [main] INFO  com.qa.nal.DiagnosticTests - Existing Inference found
11:42:03.459 [main] INFO  com.qa.nal.DiagnosticTests - Checkbox clicked
11:42:03.552 [main] INFO  com.qa.nal.DiagnosticTests - New Solution clicked
11:42:03.552 [main] INFO  com.qa.nal.DiagnosticTests - No solution found!
11:42:03.646 [main] INFO  com.qa.nal.DiagnosticTests - Input field clicked
11:42:03.707 [main] INFO  com.qa.nal.DiagnosticTests - Solution field filled
11:42:05.564 [main] INFO  com.qa.nal.DiagnosticTests - Solution created
11:42:05.659 [main] INFO  com.qa.nal.DiagnosticTests - Save and Close button clicked
11:42:08.676 [main] INFO  i.q.commons.reporters.CoreReporter - Adding result: {"id":"253afd77-f0e2-4c8c-96d0-998fd5948bfd","title":"Existing Observation and New Inference","signature":"com:qa:nal::diagnostictests.java::diagnostictests::exobsnewinfexinf::10","testopsId":10,"execution":{"startTime":1750313511315,"status":"PASSED","endTime":1750313528676,"duration":17361},"fields":{},"attachments":[],"steps":[],"params":{},"paramGroups":[],"relations":{"suite":{"data":[{"title":"com.qa.nal.DiagnosticTests","publicId":0}]}},"muted":false,"ignore":false}
]]></system-out>
  </testcase>
  <testcase name="navigateToObsManagement" classname="com.qa.nal.DiagnosticTests" time="5.132">
    <system-out><![CDATA[11:42:08.679 [main] INFO  com.qa.nal.DiagnosticTests - Modal Pop-Up found
11:42:10.163 [main] INFO  com.qa.nal.DiagnosticTests - Cancel button clicked
11:42:10.288 [main] INFO  com.qa.nal.DiagnosticTests - Sidebar hovered
11:42:12.389 [main] INFO  com.qa.nal.DiagnosticTests - Observation Management clicked
11:42:13.803 [main] INFO  com.qa.nal.DiagnosticTests - Navigated to Observation Management page
11:42:13.804 [main] INFO  i.q.commons.reporters.CoreReporter - Adding result: {"id":"249a9113-cb64-477e-990c-d2d58ee3605c","title":"Navigate to Observation Management","signature":"com:qa:nal::diagnostictests.java::diagnostictests::navigatetoobsmanagement::11","testopsId":11,"execution":{"startTime":1750313528679,"status":"PASSED","endTime":1750313533804,"duration":5125},"fields":{},"attachments":[],"steps":[],"params":{},"paramGroups":[],"relations":{"suite":{"data":[{"title":"com.qa.nal.DiagnosticTests","publicId":0}]}},"muted":false,"ignore":false}
]]></system-out>
  </testcase>
  <testcase name="createNewObsOM" classname="com.qa.nal.DiagnosticTests" time="9.085">
    <system-out><![CDATA[11:42:14.058 [main] INFO  com.qa.nal.DiagnosticTests - Create New button clicked
11:42:14.073 [main] INFO  com.qa.nal.DiagnosticTests - Create New modal opened
11:42:16.446 [main] INFO  com.qa.nal.DiagnosticTests - Manufacturer field clicked
11:42:17.365 [main] INFO  com.qa.nal.DiagnosticTests - ALINITY-S option clicked
11:42:17.475 [main] INFO  com.qa.nal.DiagnosticTests - Next button clicked
11:42:19.579 [main] INFO  com.qa.nal.DiagnosticTests - Text box clicked
11:42:19.655 [main] INFO  com.qa.nal.DiagnosticTests - Observation field filled
11:42:20.594 [main] INFO  com.qa.nal.DiagnosticTests - Create New button clicked
11:42:20.702 [main] INFO  com.qa.nal.DiagnosticTests - Inference field clicked
11:42:20.763 [main] INFO  com.qa.nal.DiagnosticTests - Inference field filled
11:42:21.731 [main] INFO  com.qa.nal.DiagnosticTests - Create New button clicked
11:42:21.826 [main] INFO  com.qa.nal.DiagnosticTests - Save button clicked
11:42:21.933 [main] INFO  com.qa.nal.DiagnosticTests - Next button clicked
11:42:22.898 [main] INFO  com.qa.nal.DiagnosticTests - Save Observation button clicked
11:42:22.898 [main] INFO  i.q.commons.reporters.CoreReporter - Adding result: {"id":"42f0ba10-731e-4e58-8ff1-08b4709d51ce","title":"Create new Observationin Observation Management","signature":"com:qa:nal::diagnostictests.java::diagnostictests::createnewobsom::12","testopsId":12,"execution":{"startTime":1750313533816,"status":"PASSED","endTime":1750313542898,"duration":9082},"fields":{},"attachments":[],"steps":[],"params":{},"paramGroups":[],"relations":{"suite":{"data":[{"title":"com.qa.nal.DiagnosticTests","publicId":0}]}},"muted":false,"ignore":false}
]]></system-out>
  </testcase>
  <testcase name="editObservation" classname="com.qa.nal.DiagnosticTests" time="2.09">
    <system-out><![CDATA[11:42:24.985 [main] INFO  com.qa.nal.DiagnosticTests - Action Button Clicked
11:42:24.989 [main] INFO  i.q.commons.reporters.CoreReporter - Adding result: {"id":"824b0f5f-48b5-42dd-b15a-bc56483edb19","title":"Edit Observation","signature":"com:qa:nal::diagnostictests.java::diagnostictests::editobservation::13","testopsId":13,"execution":{"startTime":1750313542900,"status":"PASSED","endTime":1750313544989,"duration":2089},"fields":{},"attachments":[],"steps":[],"params":{},"paramGroups":[],"relations":{"suite":{"data":[{"title":"com.qa.nal.DiagnosticTests","publicId":0}]}},"muted":false,"ignore":false}
]]></system-out>
  </testcase>
  <testcase name="childObservation" classname="com.qa.nal.DiagnosticTests" time="5.204">
    <system-out><![CDATA[11:42:27.792 [main] INFO  com.qa.nal.DiagnosticTests - Inference field filled
11:42:29.642 [main] INFO  com.qa.nal.DiagnosticTests - Observations found: 10
11:42:29.742 [main] INFO  com.qa.nal.DiagnosticTests - Observation selected at index: 6
11:42:30.192 [main] INFO  com.qa.nal.DiagnosticTests - Yes button clicked
11:42:30.192 [main] INFO  i.q.commons.reporters.CoreReporter - Adding result: {"id":"90ed5a3b-d675-4a1e-a992-4381735578de","title":"Child Observation in Observation Management","signature":"com:qa:nal::diagnostictests.java::diagnostictests::childobservation::14","testopsId":14,"execution":{"startTime":1750313544991,"status":"PASSED","endTime":1750313550192,"duration":5201},"fields":{},"attachments":[],"steps":[],"params":{},"paramGroups":[],"relations":{"suite":{"data":[{"title":"com.qa.nal.DiagnosticTests","publicId":0}]}},"muted":false,"ignore":false}
]]></system-out>
  </testcase>
  <testcase name="navigateToInferenceManagement" classname="com.qa.nal.DiagnosticTests" time="2.957">
    <system-out><![CDATA[11:42:30.395 [main] INFO  com.qa.nal.DiagnosticTests - Sidebar hovered
11:42:32.513 [main] INFO  com.qa.nal.DiagnosticTests - Inference Management clicked
11:42:33.148 [main] INFO  com.qa.nal.DiagnosticTests - Navigated to Inference Management page
11:42:33.148 [main] INFO  i.q.commons.reporters.CoreReporter - Adding result: {"id":"876f2d0a-ced2-431e-9afc-f7a43238c629","title":"Navigate To Inference Management","signature":"com:qa:nal::diagnostictests.java::diagnostictests::navigatetoinferencemanagement::15","testopsId":15,"execution":{"startTime":1750313550195,"status":"PASSED","endTime":1750313553148,"duration":2953},"fields":{},"attachments":[],"steps":[],"params":{},"paramGroups":[],"relations":{"suite":{"data":[{"title":"com.qa.nal.DiagnosticTests","publicId":0}]}},"muted":false,"ignore":false}
]]></system-out>
  </testcase>
  <testcase name="editInf" classname="com.qa.nal.DiagnosticTests" time="1.553">
    <system-out><![CDATA[11:42:34.705 [main] INFO  com.qa.nal.DiagnosticTests - Action Button Clicked
11:42:34.708 [main] INFO  i.q.commons.reporters.CoreReporter - Adding result: {"id":"9dee2d25-3262-4ed6-b95d-e092af265cf7","title":"Edit Inference","signature":"com:qa:nal::diagnostictests.java::diagnostictests::editinf::16","testopsId":16,"execution":{"startTime":1750313553158,"status":"PASSED","endTime":1750313554708,"duration":1550},"fields":{},"attachments":[],"steps":[],"params":{},"paramGroups":[],"relations":{"suite":{"data":[{"title":"com.qa.nal.DiagnosticTests","publicId":0}]}},"muted":false,"ignore":false}
]]></system-out>
  </testcase>
  <testcase name="mergeSimilarInf" classname="com.qa.nal.DiagnosticTests" time="1.692">
    <system-out><![CDATA[11:42:36.278 [main] INFO  com.qa.nal.DiagnosticTests - Similar Inferences clicked
11:42:36.292 [main] INFO  com.qa.nal.DiagnosticTests - Similar Inferences List size: 10
11:42:36.401 [main] INFO  com.qa.nal.DiagnosticTests - Checked random Similar Inference checkbox at index: 2
11:42:36.402 [main] INFO  i.q.commons.reporters.CoreReporter - Adding result: {"id":"c22e7d2d-5976-465b-a33e-c09c677ccd56","title":"Merge Similar Inferences","signature":"com:qa:nal::diagnostictests.java::diagnostictests::mergesimilarinf::17","testopsId":17,"execution":{"startTime":1750313554712,"status":"PASSED","endTime":1750313556402,"duration":1690},"fields":{},"attachments":[],"steps":[],"params":{},"paramGroups":[],"relations":{"suite":{"data":[{"title":"com.qa.nal.DiagnosticTests","publicId":0}]}},"muted":false,"ignore":false}
]]></system-out>
  </testcase>
  <testcase name="createNewChildInf" classname="com.qa.nal.DiagnosticTests" time="1.742">
    <system-out><![CDATA[11:42:36.680 [main] INFO  com.qa.nal.DiagnosticTests - Inference field filled
11:42:36.807 [main] INFO  com.qa.nal.DiagnosticTests - Create New button clicked
11:42:37.802 [main] INFO  com.qa.nal.DiagnosticTests - Save button clicked
11:42:38.141 [main] INFO  com.qa.nal.DiagnosticTests - Yes button clicked
11:42:38.145 [main] INFO  i.q.commons.reporters.CoreReporter - Adding result: {"id":"4f66de57-098a-469a-9926-c9c7dd44fb4b","title":"Create New Child Inference","signature":"com:qa:nal::diagnostictests.java::diagnostictests::createnewchildinf::18","testopsId":18,"execution":{"startTime":1750313556405,"status":"PASSED","endTime":1750313558145,"duration":1740},"fields":{},"attachments":[],"steps":[],"params":{},"paramGroups":[],"relations":{"suite":{"data":[{"title":"com.qa.nal.DiagnosticTests","publicId":0}]}},"muted":false,"ignore":false}
]]></system-out>
  </testcase>
  <testcase name="createObs" classname="com.qa.nal.DiagnosticTests" time="3.258">
    <system-out><![CDATA[11:42:38.528 [main] INFO  com.qa.nal.DiagnosticTests - Observation field filled
11:42:41.399 [main] INFO  com.qa.nal.DiagnosticTests - Create New button clicked
11:42:41.403 [main] INFO  i.q.commons.reporters.CoreReporter - Adding result: {"id":"58c22e1a-0b8e-4824-a46a-39f9ada4155e","title":"Create New Observation in Inference Management","signature":"com:qa:nal::diagnostictests.java::diagnostictests::createobs::19","testopsId":19,"execution":{"startTime":1750313558147,"status":"PASSED","endTime":1750313561403,"duration":3256},"fields":{},"attachments":[],"steps":[],"params":{},"paramGroups":[],"relations":{"suite":{"data":[{"title":"com.qa.nal.DiagnosticTests","publicId":0}]}},"muted":false,"ignore":false}
]]></system-out>
  </testcase>
  <testcase name="navigateToMultimediaManagement" classname="com.qa.nal.DiagnosticTests" time="3.351">
    <system-out><![CDATA[11:42:41.525 [main] INFO  com.qa.nal.DiagnosticTests - Sidebar hovered
11:42:43.631 [main] INFO  com.qa.nal.DiagnosticTests - Multimedia Management clicked
11:42:44.752 [main] INFO  com.qa.nal.DiagnosticTests - Navigated to Multimedia Management page
11:42:44.752 [main] INFO  i.q.commons.reporters.CoreReporter - Adding result: {"id":"c35d07ee-feba-4983-8248-be16ad99937d","title":"Navigate To Multimedia Management","signature":"com:qa:nal::diagnostictests.java::diagnostictests::navigatetomultimediamanagement::20","testopsId":20,"execution":{"startTime":1750313561406,"status":"PASSED","endTime":1750313564752,"duration":3346},"fields":{},"attachments":[],"steps":[],"params":{},"paramGroups":[],"relations":{"suite":{"data":[{"title":"com.qa.nal.DiagnosticTests","publicId":0}]}},"muted":false,"ignore":false}
]]></system-out>
  </testcase>
  <testcase name="createNewMultimedia" classname="com.qa.nal.DiagnosticTests" time="5.514">
    <system-out><![CDATA[11:42:44.952 [main] INFO  com.qa.nal.DiagnosticTests - Create New button clicked
11:42:46.770 [main] INFO  com.qa.nal.DiagnosticTests - File input hovered
11:42:50.267 [main] INFO  com.qa.nal.DiagnosticTests - File uploaded successfully!
11:42:50.267 [main] INFO  i.q.commons.reporters.CoreReporter - Adding result: {"id":"0440275e-1c76-48b9-8740-78da91e26b93","title":"Create New Multimedia","signature":"com:qa:nal::diagnostictests.java::diagnostictests::createnewmultimedia::21","testopsId":21,"execution":{"startTime":1750313564759,"status":"PASSED","endTime":1750313570267,"duration":5508},"fields":{},"attachments":[],"steps":[],"params":{},"paramGroups":[],"relations":{"suite":{"data":[{"title":"com.qa.nal.DiagnosticTests","publicId":0}]}},"muted":false,"ignore":false}
]]></system-out>
  </testcase>
  <testcase name="editMultimedia" classname="com.qa.nal.DiagnosticTests" time="15.117">
    <system-out><![CDATA[11:42:53.835 [main] INFO  com.qa.nal.DiagnosticTests - Edit Button Clicked
11:42:54.786 [main] INFO  com.qa.nal.DiagnosticTests - File input hovered
11:42:58.237 [main] INFO  com.qa.nal.DiagnosticTests - File uploaded successfully!
11:43:03.376 [main] INFO  com.qa.nal.DiagnosticTests - Delete button clicked
11:43:05.385 [main] INFO  i.q.commons.reporters.CoreReporter - Adding result: {"id":"47f05fa0-b564-420e-abb6-668e1b3bc574","title":"Edit Multimedia","signature":"com:qa:nal::diagnostictests.java::diagnostictests::editmultimedia::22","testopsId":22,"execution":{"startTime":1750313570274,"status":"PASSED","endTime":1750313585385,"duration":15111},"fields":{},"attachments":[],"steps":[],"params":{},"paramGroups":[],"relations":{"suite":{"data":[{"title":"com.qa.nal.DiagnosticTests","publicId":0}]}},"muted":false,"ignore":false}
]]></system-out>
  </testcase>
  <testcase name="navigateToInbox" classname="com.qa.nal.DiagnosticTests" time="2.322">
    <system-out><![CDATA[11:43:05.539 [main] INFO  com.qa.nal.DiagnosticTests - Sidebar hovered
11:43:07.707 [main] INFO  com.qa.nal.DiagnosticTests - Inbox clicked
11:43:07.709 [main] INFO  com.qa.nal.DiagnosticTests - Navigated to Inbox page
11:43:07.709 [main] INFO  i.q.commons.reporters.CoreReporter - Adding result: {"id":"6fa68fcd-a910-4693-a570-6ad522f182b3","title":"Navigate to Inbox","signature":"com:qa:nal::diagnostictests.java::diagnostictests::navigatetoinbox::23","testopsId":23,"execution":{"startTime":1750313585390,"status":"PASSED","endTime":1750313587709,"duration":2319},"fields":{},"attachments":[],"steps":[],"params":{},"paramGroups":[],"relations":{"suite":{"data":[{"title":"com.qa.nal.DiagnosticTests","publicId":0}]}},"muted":false,"ignore":false}
]]></system-out>
  </testcase>
  <testcase name="mergeObs" classname="com.qa.nal.DiagnosticTests" time="5.137">
    <system-out><![CDATA[11:43:12.646 [main] INFO  com.qa.nal.DiagnosticTests - All Observation Options size: 10
11:43:12.755 [main] INFO  com.qa.nal.DiagnosticTests - New Observation radio button checked
11:43:12.847 [main] INFO  com.qa.nal.DiagnosticTests - Merge Into button clicked
11:43:12.847 [main] INFO  i.q.commons.reporters.CoreReporter - Adding result: {"id":"44db5888-76c4-4922-9080-a754f55f4ba2","title":"Merge Observations","signature":"com:qa:nal::diagnostictests.java::diagnostictests::mergeobs::24","testopsId":24,"execution":{"startTime":1750313587712,"status":"PASSED","endTime":1750313592847,"duration":5135},"fields":{},"attachments":[],"steps":[],"params":{},"paramGroups":[],"relations":{"suite":{"data":[{"title":"com.qa.nal.DiagnosticTests","publicId":0}]}},"muted":false,"ignore":false}
]]></system-out>
  </testcase>
  <testcase name="createNewObsInbox" classname="com.qa.nal.DiagnosticTests" time="13.967">
    <system-out><![CDATA[11:43:15.479 [main] INFO  com.qa.nal.DiagnosticTests - Create New button clicked
11:43:15.486 [main] INFO  com.qa.nal.DiagnosticTests - Create New modal opened
11:43:17.957 [main] INFO  com.qa.nal.DiagnosticTests - Manufacturer field clicked
11:43:18.933 [main] INFO  com.qa.nal.DiagnosticTests - ALINITY-S option clicked
11:43:19.040 [main] INFO  com.qa.nal.DiagnosticTests - Next button clicked
11:43:21.157 [main] INFO  com.qa.nal.DiagnosticTests - Text box clicked
11:43:21.235 [main] INFO  com.qa.nal.DiagnosticTests - Observation field filled
11:43:22.229 [main] INFO  com.qa.nal.DiagnosticTests - Create New button clicked
11:43:22.339 [main] INFO  com.qa.nal.DiagnosticTests - Inference field clicked
11:43:22.399 [main] INFO  com.qa.nal.DiagnosticTests - Inference field filled
11:43:23.398 [main] INFO  com.qa.nal.DiagnosticTests - Create New button clicked
11:43:23.491 [main] INFO  com.qa.nal.DiagnosticTests - Save button clicked
11:43:23.600 [main] INFO  com.qa.nal.DiagnosticTests - Next button clicked
11:43:24.574 [main] INFO  com.qa.nal.DiagnosticTests - Save Observation button clicked
11:43:26.664 [main] INFO  com.qa.nal.DiagnosticTests - Last Clicked
11:43:26.803 [main] INFO  com.qa.nal.DiagnosticTests - First Clicked
11:43:26.813 [main] INFO  i.q.commons.reporters.CoreReporter - Adding result: {"id":"0c3c78da-95b9-4804-8366-18b2d71e50ff","title":"Create New Observations","signature":"com:qa:nal::diagnostictests.java::diagnostictests::createnewobsinbox::25","testopsId":25,"execution":{"startTime":1750313592849,"status":"PASSED","endTime":1750313606813,"duration":13964},"fields":{},"attachments":[],"steps":[],"params":{},"paramGroups":[],"relations":{"suite":{"data":[{"title":"com.qa.nal.DiagnosticTests","publicId":0}]}},"muted":false,"ignore":false}
]]></system-out>
  </testcase>
  <testcase name="approveObs" classname="com.qa.nal.DiagnosticTests" time="0.117">
    <system-out><![CDATA[11:43:26.925 [main] INFO  com.qa.nal.DiagnosticTests - Approve Clicked
11:43:26.930 [main] INFO  i.q.commons.reporters.CoreReporter - Adding result: {"id":"c8f7bb65-338f-4a6e-9349-5cd6701264b5","title":"Approve Observations","signature":"com:qa:nal::diagnostictests.java::diagnostictests::approveobs::26","testopsId":26,"execution":{"startTime":1750313606818,"status":"PASSED","endTime":1750313606930,"duration":112},"fields":{},"attachments":[],"steps":[],"params":{},"paramGroups":[],"relations":{"suite":{"data":[{"title":"com.qa.nal.DiagnosticTests","publicId":0}]}},"muted":false,"ignore":false}
]]></system-out>
  </testcase>
  <testcase name="approveInf" classname="com.qa.nal.DiagnosticTests" time="8.926">
    <system-out><![CDATA[11:43:27.095 [main] INFO  com.qa.nal.DiagnosticTests - Bulb icon Clicked
11:43:29.480 [main] INFO  com.qa.nal.DiagnosticTests - Inference Found
11:43:29.485 [main] INFO  com.qa.nal.DiagnosticTests - Inference List size: 1
11:43:31.072 [main] INFO  com.qa.nal.DiagnosticTests - Inference Selected.
11:43:31.229 [main] INFO  com.qa.nal.DiagnosticTests - Approve Inferences Clicked
11:43:31.585 [main] INFO  com.qa.nal.DiagnosticTests - Yes Clicked
11:43:31.596 [main] INFO  com.qa.nal.DiagnosticTests - Inference Approved Successfully
11:43:33.846 [main] INFO  com.qa.nal.DiagnosticTests - Close Clicked
11:43:35.855 [main] INFO  i.q.commons.reporters.CoreReporter - Adding result: {"id":"141d0fce-b5b5-4c93-bf44-2b72b234d4f1","title":"Apporve Inferences","signature":"com:qa:nal::diagnostictests.java::diagnostictests::approveinf::27","testopsId":27,"execution":{"startTime":1750313606933,"status":"PASSED","endTime":1750313615855,"duration":8922},"fields":{},"attachments":[],"steps":[],"params":{},"paramGroups":[],"relations":{"suite":{"data":[{"title":"com.qa.nal.DiagnosticTests","publicId":0}]}},"muted":false,"ignore":false}
]]></system-out>
  </testcase>
  <testcase name="deleteInf" classname="com.qa.nal.DiagnosticTests" time="6.965">
    <system-out><![CDATA[11:43:37.981 [main] INFO  com.qa.nal.DiagnosticTests - Bulb icon Clicked
11:43:40.003 [main] INFO  com.qa.nal.DiagnosticTests - Inference Found
11:43:40.007 [main] INFO  com.qa.nal.DiagnosticTests - Inference List size: 1
11:43:40.119 [main] INFO  com.qa.nal.DiagnosticTests - Inference Selected.
11:43:42.272 [main] INFO  com.qa.nal.DiagnosticTests - Delete Inferences Clicked
11:43:42.600 [main] INFO  com.qa.nal.DiagnosticTests - Yes Clicked
11:43:42.818 [main] INFO  com.qa.nal.DiagnosticTests - Close Clicked
11:43:42.823 [main] INFO  i.q.commons.reporters.CoreReporter - Adding result: {"id":"c3340856-b1c4-43af-b242-85633a196843","title":"Delete Inferences","signature":"com:qa:nal::diagnostictests.java::diagnostictests::deleteinf::28","testopsId":28,"execution":{"startTime":1750313615861,"status":"PASSED","endTime":1750313622823,"duration":6962},"fields":{},"attachments":[],"steps":[],"params":{},"paramGroups":[],"relations":{"suite":{"data":[{"title":"com.qa.nal.DiagnosticTests","publicId":0}]}},"muted":false,"ignore":false}
]]></system-out>
  </testcase>
  <testcase name="editObs" classname="com.qa.nal.DiagnosticTests" time="0.143">
    <system-out><![CDATA[11:43:42.959 [main] INFO  com.qa.nal.DiagnosticTests - Action Button Clicked
11:43:42.967 [main] INFO  i.q.commons.reporters.CoreReporter - Adding result: {"id":"1bac583f-0ffe-4afa-b01b-61266fdb5ad2","title":"Edit Observations","signature":"com:qa:nal::diagnostictests.java::diagnostictests::editobs::29","testopsId":29,"execution":{"startTime":1750313622827,"status":"PASSED","endTime":1750313622967,"duration":140},"fields":{},"attachments":[],"steps":[],"params":{},"paramGroups":[],"relations":{"suite":{"data":[{"title":"com.qa.nal.DiagnosticTests","publicId":0}]}},"muted":false,"ignore":false}
]]></system-out>
  </testcase>
  <testcase name="createNewInf" classname="com.qa.nal.DiagnosticTests" time="3.506">
    <system-out><![CDATA[11:43:46.190 [main] INFO  com.qa.nal.DiagnosticTests - Inference field filled
11:43:46.327 [main] INFO  com.qa.nal.DiagnosticTests - Create New button clicked
11:43:46.469 [main] INFO  com.qa.nal.DiagnosticTests - Save button clicked
11:43:46.476 [main] INFO  i.q.commons.reporters.CoreReporter - Adding result: {"id":"af7f1fb8-daba-4dcc-a78f-cec301f393ea","title":"Create New Inference","signature":"com:qa:nal::diagnostictests.java::diagnostictests::createnewinf::30","testopsId":30,"execution":{"startTime":1750313622972,"status":"PASSED","endTime":1750313626476,"duration":3504},"fields":{},"attachments":[],"steps":[],"params":{},"paramGroups":[],"relations":{"suite":{"data":[{"title":"com.qa.nal.DiagnosticTests","publicId":0}]}},"muted":false,"ignore":false}
]]></system-out>
  </testcase>
  <testcase name="rejectInf" classname="com.qa.nal.DiagnosticTests" time="6.095">
    <system-out><![CDATA[11:43:52.286 [main] INFO  com.qa.nal.DiagnosticTests - Reject clicked
11:43:52.395 [main] INFO  com.qa.nal.DiagnosticTests - Comments field clicked
11:43:52.472 [main] INFO  com.qa.nal.DiagnosticTests - Comments field filled
11:43:52.566 [main] INFO  com.qa.nal.DiagnosticTests - Submit button clicked
11:43:52.572 [main] INFO  i.q.commons.reporters.CoreReporter - Adding result: {"id":"63d7da0c-e80f-441c-934f-bd4ada21ded0","title":"Reject Inference","signature":"com:qa:nal::diagnostictests.java::diagnostictests::rejectinf::31","testopsId":31,"execution":{"startTime":1750313626479,"status":"PASSED","endTime":1750313632572,"duration":6093},"fields":{},"attachments":[],"steps":[],"params":{},"paramGroups":[],"relations":{"suite":{"data":[{"title":"com.qa.nal.DiagnosticTests","publicId":0}]}},"muted":false,"ignore":false}
]]></system-out>
  </testcase>
  <testcase name="deleteObs" classname="com.qa.nal.DiagnosticTests" time="2.553">
    <system-out><![CDATA[11:43:54.650 [main] INFO  com.qa.nal.DiagnosticTests - Delete Clicked
11:43:55.113 [main] INFO  com.qa.nal.DiagnosticTests - Yes Clicked
11:43:55.125 [main] INFO  i.q.commons.reporters.CoreReporter - Adding result: {"id":"480fd9af-aebd-4e3d-bb6f-af7fff15a147","title":"Delete Observations","signature":"com:qa:nal::diagnostictests.java::diagnostictests::deleteobs::32","testopsId":32,"execution":{"startTime":1750313632574,"status":"PASSED","endTime":1750313635125,"duration":2551},"fields":{},"attachments":[],"steps":[],"params":{},"paramGroups":[],"relations":{"suite":{"data":[{"title":"com.qa.nal.DiagnosticTests","publicId":0}]}},"muted":false,"ignore":false}
]]></system-out>
  </testcase>
  <testcase name="navigateToSelfServiceDiagnostics" classname="com.qa.nal.DiagnosticTests" time="6.448">
    <system-out><![CDATA[11:43:55.376 [main] INFO  com.qa.nal.DiagnosticTests - Sidebar hovered
11:43:59.701 [main] INFO  com.qa.nal.DiagnosticTests - Self Service Diagnostics clicked
11:44:01.570 [main] INFO  com.qa.nal.DiagnosticTests - Navigated to Self Service Diagnostics page
11:44:01.571 [main] INFO  i.q.commons.reporters.CoreReporter - Adding result: {"id":"7d9c41af-107d-46a1-a499-75a7b28a9867","title":"Navigate To Self Service Diagnostics","signature":"com:qa:nal::diagnostictests.java::diagnostictests::navigatetoselfservicediagnostics::33","testopsId":33,"execution":{"startTime":1750313635129,"status":"PASSED","endTime":1750313641571,"duration":6442},"fields":{},"attachments":[],"steps":[],"params":{},"paramGroups":[],"relations":{"suite":{"data":[{"title":"com.qa.nal.DiagnosticTests","publicId":0}]}},"muted":false,"ignore":false}
]]></system-out>
  </testcase>
  <testcase name="uploadFileInSSD" classname="com.qa.nal.DiagnosticTests" time="7.297">
    <system-out><![CDATA[11:44:01.728 [main] INFO  com.qa.nal.DiagnosticTests - Upload File Button Clicked
11:44:01.856 [main] INFO  com.qa.nal.DiagnosticTests - File input hovered
11:44:07.204 [main] INFO  com.qa.nal.DiagnosticTests - File uploaded successfully!
11:44:08.858 [main] INFO  com.qa.nal.DiagnosticTests - Refresh Status button clicked
11:44:08.872 [main] INFO  i.q.commons.reporters.CoreReporter - Adding result: {"id":"2ef6a033-4ba1-4e2d-8e0f-4ecb3485ae93","title":"Upload File in Self Service Diagnostics","signature":"com:qa:nal::diagnostictests.java::diagnostictests::uploadfileinssd::34","testopsId":34,"execution":{"startTime":1750313641583,"status":"PASSED","endTime":1750313648872,"duration":7289},"fields":{},"attachments":[],"steps":[],"params":{},"paramGroups":[],"relations":{"suite":{"data":[{"title":"com.qa.nal.DiagnosticTests","publicId":0}]}},"muted":false,"ignore":false}
]]></system-out>
  </testcase>
  <testcase name="navigateToPredictions" classname="com.qa.nal.DiagnosticTests" time="5.763">
    <system-out><![CDATA[11:44:08.997 [main] INFO  com.qa.nal.DiagnosticTests - Sidebar hovered
11:44:14.634 [main] INFO  com.qa.nal.DiagnosticTests - Predictions clicked
11:44:14.636 [main] INFO  com.qa.nal.DiagnosticTests - Navigated to Predictions page
11:44:14.636 [main] INFO  i.q.commons.reporters.CoreReporter - Adding result: {"id":"74e8eca3-e820-41b2-9875-fa2e7337c3eb","title":"Navigate to Predictions","signature":"com:qa:nal::diagnostictests.java::diagnostictests::navigatetopredictions::35","testopsId":35,"execution":{"startTime":1750313648877,"status":"PASSED","endTime":1750313654636,"duration":5759},"fields":{},"attachments":[],"steps":[],"params":{},"paramGroups":[],"relations":{"suite":{"data":[{"title":"com.qa.nal.DiagnosticTests","publicId":0}]}},"muted":false,"ignore":false}
]]></system-out>
  </testcase>
</testsuite>